<?xml version="1.0" encoding="UTF-8"?>
<!-- Generated by org.testng.reporters.JUnitReportReporter -->
<testsuite skipped="0" hostname="DESKTOP-C0E2HIP" name="d10_02_2022.Zadatak1" tests="1" failures="0" timestamp="2022-02-14T16:33:00 CET" time="22.150" errors="0">
  <testcase name="screenshotTest" time="22.150" classname="d10_02_2022.Zadatak1"/>
  <system-out/>
</testsuite> <!-- d10_02_2022.Zadatak1 -->
