<?xml version="1.0" encoding="UTF-8"?>
<!-- Generated by org.testng.reporters.JUnitReportReporter -->
<testsuite skipped="0" hostname="DESKTOP-C0E2HIP" name="d07_02_2022_tests.ShopTest" tests="1" failures="0" timestamp="2022-02-09T01:23:19 CET" time="43.009" errors="0">
  <testcase name="shopTest" time="43.009" classname="d07_02_2022_tests.ShopTest"/>
  <system-out/>
</testsuite> <!-- d07_02_2022_tests.ShopTest -->
